2015-07-28 13:15:53,146 ERROR t.C.Log [main] Test case started
2015-07-28 13:15:53,147 INFO t.C.Log [main] ****************************************************************************************
2015-07-28 13:15:53,147 INFO t.C.Log [main] ****************************************************************************************
2015-07-28 13:15:53,147 INFO t.C.Log [main] $$$$$$$$$$$$$$                 Verify_Add_Item_To_Shopping_List       $$$$$$$$$$$$$$$$$$$$$
2015-07-28 13:15:53,147 INFO t.C.Log [main] ****************************************************************************************
2015-07-28 13:15:53,147 INFO t.C.Log [main] ****************************************************************************************
2015-07-28 13:16:03,782 ERROR t.C.Log [main] Test 'Verify_Add_Item_To_Shopping_List' FAILED
2015-07-28 13:16:03,972 INFO t.C.Log [main] Failed Screenshot Saved at :C:\Users\OFFNJA\Documents\GitHub\Master\Web_ICA_SE\test-output\20150728\Verify_Add_Item_To_Shopping_List.jpg
2015-07-28 13:16:04,019 INFO t.C.Log [main] ****************************************************************************************
2015-07-28 13:16:04,019 INFO t.C.Log [main] ****************************************************************************************
2015-07-28 13:16:04,019 INFO t.C.Log [main] $$$$$$$$$$$$$$                 Verify_Login_Functionality_With_3Digit       $$$$$$$$$$$$$$$$$$$$$
2015-07-28 13:16:04,035 INFO t.C.Log [main] ****************************************************************************************
2015-07-28 13:16:04,035 INFO t.C.Log [main] ****************************************************************************************
2015-07-28 13:16:05,249 INFO t.C.Log [main] Expected Result : User should be able to login with credentials
2015-07-28 13:16:09,096 INFO t.C.Log [main] Home page> Click Logoutelement present
2015-07-28 13:16:09,096 INFO t.C.Log [main] Home page> Click Logoutfind successfully
2015-07-28 13:16:09,096 INFO t.C.Log [main] Actual Result : User Loggedin Successfully
2015-07-28 13:16:09,097 INFO t.C.Log [main] Test 'Verify_Login_Functionality_With_3Digit' PASSED
2015-07-28 13:16:09,656 INFO t.C.Log [main] ****************************************************************************************
2015-07-28 13:16:09,656 INFO t.C.Log [main] ****************************************************************************************
2015-07-28 13:16:09,656 INFO t.C.Log [main] $$$$$$$$$$$$$$                 Verify_Login_Functionality_With_4Digit       $$$$$$$$$$$$$$$$$$$$$
2015-07-28 13:16:09,656 INFO t.C.Log [main] ****************************************************************************************
2015-07-28 13:16:09,656 INFO t.C.Log [main] ****************************************************************************************
2015-07-28 13:16:10,333 INFO t.C.Log [main] Expected Result : User should be able to login with credentials
2015-07-28 13:16:17,438 INFO t.C.Log [main] Home page> Click Logoutelement present
2015-07-28 13:16:17,438 INFO t.C.Log [main] Home page> Click Logoutfind successfully
2015-07-28 13:16:17,438 INFO t.C.Log [main] Actual Result : User Loggedin Successfully
2015-07-28 13:16:17,438 INFO t.C.Log [main] Test 'Verify_Login_Functionality_With_4Digit' PASSED
2015-07-28 13:16:17,611 INFO t.C.Log [main] ****************************************************************************************
2015-07-28 13:16:17,611 INFO t.C.Log [main] ****************************************************************************************
2015-07-28 13:16:17,611 INFO t.C.Log [main] $$$$$$$$$$$$$$                 Verify_Login_Functionality_With_6Digit       $$$$$$$$$$$$$$$$$$$$$
2015-07-28 13:16:17,611 INFO t.C.Log [main] ****************************************************************************************
2015-07-28 13:16:17,611 INFO t.C.Log [main] ****************************************************************************************
2015-07-28 13:16:18,315 INFO t.C.Log [main] Expected Result : User should be able to login with credentials
2015-07-28 13:16:26,719 INFO t.C.Log [main] Home page> Click Logoutelement present
2015-07-28 13:16:26,719 INFO t.C.Log [main] Home page> Click Logoutfind successfully
2015-07-28 13:16:26,719 INFO t.C.Log [main] Actual Result : User Loggedin Successfully
2015-07-28 13:16:26,719 INFO t.C.Log [main] Test 'Verify_Login_Functionality_With_6Digit' PASSED
2015-07-28 13:16:26,892 INFO t.C.Log [main] ****************************************************************************************
2015-07-28 13:16:26,892 INFO t.C.Log [main] ****************************************************************************************
2015-07-28 13:16:26,892 INFO t.C.Log [main] $$$$$$$$$$$$$$                 Verify_Wrong_Credentials       $$$$$$$$$$$$$$$$$$$$$
2015-07-28 13:16:26,892 INFO t.C.Log [main] ****************************************************************************************
2015-07-28 13:16:26,892 INFO t.C.Log [main] ****************************************************************************************
2015-07-28 13:16:27,621 INFO t.C.Log [main] Expected Result : User should be able to login with credentials
2015-07-28 13:16:38,482 ERROR t.C.Log [main] Test 'Verify_Wrong_Credentials' FAILED
2015-07-28 13:16:38,672 INFO t.C.Log [main] Failed Screenshot Saved at :C:\Users\OFFNJA\Documents\GitHub\Master\Web_ICA_SE\test-output\20150728\Verify_Wrong_Credentials.jpg
2015-07-28 13:16:40,206 ERROR t.C.Log [main] Selenium_Test_001
2015-07-28 13:16:47,095 ERROR t.C.Log [main] Test case started
2015-07-28 13:16:47,096 INFO t.C.Log [main] ****************************************************************************************
2015-07-28 13:16:47,096 INFO t.C.Log [main] ****************************************************************************************
2015-07-28 13:16:47,096 INFO t.C.Log [main] $$$$$$$$$$$$$$                 Verify_Add_Item_To_Shopping_List       $$$$$$$$$$$$$$$$$$$$$
2015-07-28 13:16:47,096 INFO t.C.Log [main] ****************************************************************************************
2015-07-28 13:16:47,096 INFO t.C.Log [main] ****************************************************************************************
2015-07-28 13:16:49,469 INFO t.C.Log [main] Expected Result : User should be able to login with credentials
2015-07-28 13:17:02,622 INFO t.C.Log [main] Home page> Click Logoutelement present
2015-07-28 13:17:02,623 INFO t.C.Log [main] Home page> Click Logoutfind successfully
2015-07-28 13:17:02,623 INFO t.C.Log [main] Actual Result : User Loggedin Successfully
2015-07-28 13:17:06,203 INFO t.C.Log [main] Verify the item present in the shopping list
2015-07-28 13:17:16,335 INFO t.C.Log [main] No Item present to remove
2015-07-28 13:17:16,335 INFO t.C.Log [main] Expected Result : user should be able ot add item to shopping list
2015-07-28 13:17:16,817 INFO t.C.Log [main] Item added successfully to shopping listEgg
2015-07-28 13:17:16,817 INFO t.C.Log [main] Expected Result : user should be able ot add item to shopping list
2015-07-28 13:17:17,419 INFO t.C.Log [main] Item added successfully to shopping listButter
2015-07-28 13:17:17,419 INFO t.C.Log [main] Verify the item present in the shopping list
2015-07-28 13:17:19,683 INFO t.C.Log [main] Egg not found in the locator Shopping List page> Item label
2015-07-28 13:17:19,853 INFO t.C.Log [main] Egg verified successfully in the locator Shopping List page> Item label
2015-07-28 13:17:19,854 INFO t.C.Log [main] Egg :Verify successfully in shopping list
2015-07-28 13:17:19,854 INFO t.C.Log [main] Verify the item present in the shopping list
2015-07-28 13:17:20,037 INFO t.C.Log [main] Butter verified successfully in the locator Shopping List page> Item label
2015-07-28 13:17:20,037 INFO t.C.Log [main] Butter :Verify successfully in shopping list
2015-07-28 13:17:20,037 INFO t.C.Log [main] Verify the item present in the shopping list
2015-07-28 13:17:31,572 INFO t.C.Log [main] No Item present to remove
2015-07-28 13:17:31,573 INFO t.C.Log [main] Test 'Verify_Add_Item_To_Shopping_List' PASSED
2015-07-28 13:17:31,636 INFO t.C.Log [main] ****************************************************************************************
2015-07-28 13:17:31,636 INFO t.C.Log [main] ****************************************************************************************
2015-07-28 13:17:31,637 INFO t.C.Log [main] $$$$$$$$$$$$$$                 Verify_Login_Functionality_With_3Digit       $$$$$$$$$$$$$$$$$$$$$
2015-07-28 13:17:31,637 INFO t.C.Log [main] ****************************************************************************************
2015-07-28 13:17:31,637 INFO t.C.Log [main] ****************************************************************************************
2015-07-28 13:17:34,045 INFO t.C.Log [main] Expected Result : User should be able to login with credentials
2015-07-28 13:17:41,110 INFO t.C.Log [main] Home page> Click Logoutelement present
2015-07-28 13:17:41,110 INFO t.C.Log [main] Home page> Click Logoutfind successfully
2015-07-28 13:17:41,110 INFO t.C.Log [main] Actual Result : User Loggedin Successfully
2015-07-28 13:17:41,111 INFO t.C.Log [main] Test 'Verify_Login_Functionality_With_3Digit' PASSED
2015-07-28 13:17:41,286 INFO t.C.Log [main] ****************************************************************************************
2015-07-28 13:17:41,286 INFO t.C.Log [main] ****************************************************************************************
2015-07-28 13:17:41,286 INFO t.C.Log [main] $$$$$$$$$$$$$$                 Verify_Login_Functionality_With_4Digit       $$$$$$$$$$$$$$$$$$$$$
2015-07-28 13:17:41,287 INFO t.C.Log [main] ****************************************************************************************
2015-07-28 13:17:41,287 INFO t.C.Log [main] ****************************************************************************************
2015-07-28 13:17:43,674 INFO t.C.Log [main] Expected Result : User should be able to login with credentials
2015-07-28 13:17:55,612 INFO t.C.Log [main] Home page> Click Logoutelement present
2015-07-28 13:17:55,612 INFO t.C.Log [main] Home page> Click Logoutfind successfully
2015-07-28 13:17:55,612 INFO t.C.Log [main] Actual Result : User Loggedin Successfully
2015-07-28 13:17:55,612 INFO t.C.Log [main] Test 'Verify_Login_Functionality_With_4Digit' PASSED
2015-07-28 13:17:55,668 INFO t.C.Log [main] ****************************************************************************************
2015-07-28 13:17:55,668 INFO t.C.Log [main] ****************************************************************************************
2015-07-28 13:17:55,668 INFO t.C.Log [main] $$$$$$$$$$$$$$                 Verify_Login_Functionality_With_6Digit       $$$$$$$$$$$$$$$$$$$$$
2015-07-28 13:17:55,668 INFO t.C.Log [main] ****************************************************************************************
2015-07-28 13:17:55,668 INFO t.C.Log [main] ****************************************************************************************
2015-07-28 13:17:57,653 INFO t.C.Log [main] Expected Result : User should be able to login with credentials
2015-07-28 13:18:09,333 INFO t.C.Log [main] Home page> Click Logoutelement present
2015-07-28 13:18:09,333 INFO t.C.Log [main] Home page> Click Logoutfind successfully
2015-07-28 13:18:09,333 INFO t.C.Log [main] Actual Result : User Loggedin Successfully
2015-07-28 13:18:09,333 INFO t.C.Log [main] Test 'Verify_Login_Functionality_With_6Digit' PASSED
2015-07-28 13:18:09,388 INFO t.C.Log [main] ****************************************************************************************
2015-07-28 13:18:09,388 INFO t.C.Log [main] ****************************************************************************************
2015-07-28 13:18:09,388 INFO t.C.Log [main] $$$$$$$$$$$$$$                 Verify_Wrong_Credentials       $$$$$$$$$$$$$$$$$$$$$
2015-07-28 13:18:09,388 INFO t.C.Log [main] ****************************************************************************************
2015-07-28 13:18:09,388 INFO t.C.Log [main] ****************************************************************************************
2015-07-28 13:18:11,581 INFO t.C.Log [main] Expected Result : User should be able to login with credentials
2015-07-28 13:18:25,182 ERROR t.C.Log [main] Test 'Verify_Wrong_Credentials' FAILED
2015-07-28 13:18:25,252 INFO t.C.Log [main] Failed Screenshot Saved at :C:\Users\OFFNJA\Documents\GitHub\Master\Web_ICA_SE\test-output\20150728\Verify_Wrong_Credentials.jpg
2015-07-28 13:18:25,793 ERROR t.C.Log [main] Selenium_Test_001
